DigsER.lpi Note: Adicionada definições -dBorland -dVer150 -dDelphi7 -dCompiler6_Up -dPUREPASCAL nas opções customizadas
 Progress: Todos os arquivos de unidade encontrados
DigsER.lpr(1,16) Note: Adicionado "MODE" modificador de sintaxe Delphi após o nome da unidade.
 : 
 : *** Arquivos de unidade sendo convertidos pertencentes ao projeto/pacote ***
uPrincipal.pas Note: Codificação alterada de cp1252 para UTF-8
uPrincipal.pas Note: Codificação alterada de cp1252 para UTF-8
uConnection.pas Note: Codificação alterada de cp1252 para UTF-8
uConnection.pas Note: Unidade "ADODB" substituída com "sqldb" na seção "uses".
uConnection.pas Note: Unidade "Windows" substituída com "LCLIntf, LCLType, LMessages" na seção "uses".
uConnection.pas(1,18) Note: Adicionado "MODE" modificador de sintaxe Delphi após o nome da unidade.
uObterMetaDados.pas Note: Codificação alterada de cp1252 para UTF-8
uObterMetaDados.pas Note: Unidade "ADODB" substituída com "sqldb" na seção "uses".
uObterMetaDados.pas Note: Unidade "Windows" substituída com "LCLIntf, LCLType, LMessages" na seção "uses".
uObterMetaDados.pas(1,22) Note: Adicionado "MODE" modificador de sintaxe Delphi após o nome da unidade.
uPesquisarRelacionamentos.pas Note: Codificação alterada de cp1252 para UTF-8
uCloneDataSetStruct.pas Note: Codificação alterada de cp1252 para UTF-8
uCloneDataSetStruct.pas Note: Unidade "Windows" substituída com "LCLIntf, LCLType, LMessages" na seção "uses".
uCloneDataSetStruct.pas(1,26) Note: Adicionado "MODE" modificador de sintaxe Delphi após o nome da unidade.
uLog.pas Note: Codificação alterada de cp1252 para UTF-8
uLog.pas Note: Unidade "ADODB" substituída com "sqldb" na seção "uses".
uLog.pas Note: Unidade "Windows" substituída com "LCLIntf, LCLType, LMessages" na seção "uses".
uLog.pas(1,11) Note: Adicionado "MODE" modificador de sintaxe Delphi após o nome da unidade.
uVariaveisGlobais.pas Note: Codificação alterada de cp1252 para UTF-8
uVariaveisGlobais.pas Note: Unidade "Windows" substituída com "LCLIntf, LCLType, LMessages" na seção "uses".
uVariaveisGlobais.pas(1,24) Note: Adicionado "MODE" modificador de sintaxe Delphi após o nome da unidade.
uFuncoes.pas Note: Codificação alterada de cp1252 para UTF-8
uFuncoes.pas Note: Unidade "Windows" substituída com "LCLIntf, LCLType, LMessages" na seção "uses".
uFuncoes.pas(1,15) Note: Adicionado "MODE" modificador de sintaxe Delphi após o nome da unidade.
uDigsERFile.pas Note: Codificação alterada de cp1252 para UTF-8
uDigsERFile.pas(8,18) Note: Adicionado "MODE" modificador de sintaxe Delphi após o nome da unidade.
uDiagramaManager.pas Note: Codificação alterada de cp1252 para UTF-8
uDiagramaManager.pas Note: Unidade "Windows" substituída com "LCLIntf, LCLType, LMessages" na seção "uses".
uDiagramaManager.pas(1,23) Note: Adicionado "MODE" modificador de sintaxe Delphi após o nome da unidade.
uPesquisarDiagramas.pas Note: Codificação alterada de cp1252 para UTF-8
uPesquisarDiagramas.pas Note: Codificação alterada de cp1252 para UTF-8
uPesquisarDiagramas.pas Note: Unidade "Windows" substituída com "LCLIntf, LCLType, LMessages" na seção "uses".
uPesquisarDiagramas.pas(1,26) Note: Adicionado "MODE" modificador de sintaxe Delphi após o nome da unidade.
uSobre.pas Note: Codificação alterada de cp1252 para UTF-8
uSobre.pas Note: Codificação alterada de cp1252 para UTF-8
uSobre.pas Note: Unidade "Windows" substituída com "LCLIntf, LCLType, LMessages" na seção "uses".
uSobre.pas(1,13) Note: Adicionado "MODE" modificador de sintaxe Delphi após o nome da unidade.
uConfigConexao.pas Note: Codificação alterada de cp1252 para UTF-8
uConfigConexao.pas Note: Codificação alterada de cp1252 para UTF-8
uConfigConexao.pas Note: Unidade "Windows" substituída com "LCLIntf, LCLType, LMessages" na seção "uses".
uConfigConexao.pas(1,21) Note: Adicionado "MODE" modificador de sintaxe Delphi após o nome da unidade.
uPesquisarTabelas.pas Note: Codificação alterada de cp1252 para UTF-8
uPesquisarTabelas.pas Note: Codificação alterada de cp1252 para UTF-8
uExibeTexto.pas Note: Unidade "Windows" substituída com "LCLIntf, LCLType, LMessages" na seção "uses".
uExibeTexto.pas(1,18) Note: Adicionado "MODE" modificador de sintaxe Delphi após o nome da unidade.
uVisualizarTriggers.pas Note: Codificação alterada de cp1252 para UTF-8
uEntityRelationshipArrowShape.pas Note: Codificação alterada de cp1252 para UTF-8
uEntityRelationshipArrowShape.pas Note: Unidade "Windows" substituída com "LCLIntf, LCLType, LMessages" na seção "uses".
uEntityRelationshipArrowShape.pas(1,36) Note: Adicionado "MODE" modificador de sintaxe Delphi após o nome da unidade.
uERNotationsCore.pas Note: Codificação alterada de cp1252 para UTF-8
uERNotationsCore.pas Note: Unidade "Windows" substituída com "LCLIntf, LCLType, LMessages" na seção "uses".
uERNotationsCore.pas(1,23) Note: Adicionado "MODE" modificador de sintaxe Delphi após o nome da unidade.
uMoverObjetos.pas Note: Unidade "Windows" substituída com "LCLIntf, LCLType, LMessages" na seção "uses".
uMoverObjetos.pas(1,20) Note: Adicionado "MODE" modificador de sintaxe Delphi após o nome da unidade.
uFrameConsultaDados.pas Note: Codificação alterada de cp1252 para UTF-8
 Progress: A conversão levou: 00:00:45
 Fatal: Conversão abortada.
